<?xml version="1.0" encoding="UTF-8"?>
<testsuites>
  <testsuite name="." tests="56" assertions="54" failures="0" errors="0" time="13.472774">
    <testsuite name="ControllerProfileUBSTest" file="C:\xampp\htdocs\CadeMeuHospital\Teste\Controller\ControllerProfileUBSTest.php" tests="14" assertions="12" failures="0" errors="0" time="2.197127">
      <testcase name="testSingletonNotNull" class="ControllerProfileUBSTest" file="C:\xampp\htdocs\CadeMeuHospital\Teste\Controller\ControllerProfileUBSTest.php" line="43" assertions="1" time="0.007001"/>
      <testcase name="testSingletonInstanceOf" class="ControllerProfileUBSTest" file="C:\xampp\htdocs\CadeMeuHospital\Teste\Controller\ControllerProfileUBSTest.php" line="48" assertions="1" time="0.003000"/>
      <testcase name="testMakeObjectUBSNotNull" class="ControllerProfileUBSTest" file="C:\xampp\htdocs\CadeMeuHospital\Teste\Controller\ControllerProfileUBSTest.php" line="55" assertions="1" time="0.003000"/>
      <testcase name="testMakeObjectUBSInstanceOf" class="ControllerProfileUBSTest" file="C:\xampp\htdocs\CadeMeuHospital\Teste\Controller\ControllerProfileUBSTest.php" line="60" assertions="1" time="0.002001"/>
      <testcase name="testSearchUBSInstanceOf" class="ControllerProfileUBSTest" file="C:\xampp\htdocs\CadeMeuHospital\Teste\Controller\ControllerProfileUBSTest.php" line="67" assertions="1" time="0.463026"/>
      <testcase name="testSearchUBSException" class="ControllerProfileUBSTest" file="C:\xampp\htdocs\CadeMeuHospital\Teste\Controller\ControllerProfileUBSTest.php" line="76" assertions="0" time="0.012001"/>
      <testcase name="testReturnUBSNotNull" class="ControllerProfileUBSTest" file="C:\xampp\htdocs\CadeMeuHospital\Teste\Controller\ControllerProfileUBSTest.php" line="83" assertions="1" time="0.237014"/>
      <testcase name="testReturnUBSEqualsId" class="ControllerProfileUBSTest" file="C:\xampp\htdocs\CadeMeuHospital\Teste\Controller\ControllerProfileUBSTest.php" line="88" assertions="1" time="0.162009"/>
      <testcase name="testReturnUBSInvalidId" class="ControllerProfileUBSTest" file="C:\xampp\htdocs\CadeMeuHospital\Teste\Controller\ControllerProfileUBSTest.php" line="94" assertions="1" time="0.112006"/>
      <testcase name="testReturnUBSCatch" class="ControllerProfileUBSTest" file="C:\xampp\htdocs\CadeMeuHospital\Teste\Controller\ControllerProfileUBSTest.php" line="99" assertions="0" time="0.129007"/>
      <testcase name="testEvaluateUBSNotNull" class="ControllerProfileUBSTest" file="C:\xampp\htdocs\CadeMeuHospital\Teste\Controller\ControllerProfileUBSTest.php" line="110" assertions="1" time="0.273016"/>
      <testcase name="testTakeAverageUBSNotNull" class="ControllerProfileUBSTest" file="C:\xampp\htdocs\CadeMeuHospital\Teste\Controller\ControllerProfileUBSTest.php" line="117" assertions="1" time="0.773044"/>
      <testcase name="testGetDistanceBetweenTwoLatLon" class="ControllerProfileUBSTest" file="C:\xampp\htdocs\CadeMeuHospital\Teste\Controller\ControllerProfileUBSTest.php" line="122" assertions="1" time="0.012001"/>
      <testcase name="testGetDistanceBetweenTwoLatLonEquals" class="ControllerProfileUBSTest" file="C:\xampp\htdocs\CadeMeuHospital\Teste\Controller\ControllerProfileUBSTest.php" line="127" assertions="1" time="0.009001"/>
    </testsuite>
    <testsuite name="ControllerRankingTest" file="C:\xampp\htdocs\CadeMeuHospital\Teste\Controller\ControllerRankingTest.php" tests="5" assertions="5" failures="0" errors="0" time="0.055003">
      <testcase name="testMakeRankNotNull" class="ControllerRankingTest" file="C:\xampp\htdocs\CadeMeuHospital\Teste\Controller\ControllerRankingTest.php" line="25" assertions="1" time="0.009000"/>
      <testcase name="testMakeRankByCityNotNull" class="ControllerRankingTest" file="C:\xampp\htdocs\CadeMeuHospital\Teste\Controller\ControllerRankingTest.php" line="30" assertions="1" time="0.011001"/>
      <testcase name="testMakeRankByCityFalse" class="ControllerRankingTest" file="C:\xampp\htdocs\CadeMeuHospital\Teste\Controller\ControllerRankingTest.php" line="35" assertions="1" time="0.015001"/>
      <testcase name="testMakeRankByNeighborhoodNotNull" class="ControllerRankingTest" file="C:\xampp\htdocs\CadeMeuHospital\Teste\Controller\ControllerRankingTest.php" line="41" assertions="1" time="0.011000"/>
      <testcase name="testMakeRankByNeighborhoodFalse" class="ControllerRankingTest" file="C:\xampp\htdocs\CadeMeuHospital\Teste\Controller\ControllerRankingTest.php" line="45" assertions="1" time="0.009001"/>
    </testsuite>
    <testsuite name="ProfileUBSDAOTest" file="C:\xampp\htdocs\CadeMeuHospital\Teste\Dao\ProfileUBSDAOTest.php" tests="11" assertions="11" failures="0" errors="0" time="10.914625">
      <testcase name="testSearchUBSinDatabaseByName" class="ProfileUBSDAOTest" file="C:\xampp\htdocs\CadeMeuHospital\Teste\Dao\ProfileUBSDAOTest.php" line="60" assertions="1" time="1.096063"/>
      <testcase name="testSearchUBSinDatabaseByCity" class="ProfileUBSDAOTest" file="C:\xampp\htdocs\CadeMeuHospital\Teste\Dao\ProfileUBSDAOTest.php" line="65" assertions="1" time="0.937054"/>
      <testcase name="testSearchUBSinDatabaseByNeighborhood" class="ProfileUBSDAOTest" file="C:\xampp\htdocs\CadeMeuHospital\Teste\Dao\ProfileUBSDAOTest.php" line="70" assertions="1" time="0.929053"/>
      <testcase name="testReturnUBSFalse" class="ProfileUBSDAOTest" file="C:\xampp\htdocs\CadeMeuHospital\Teste\Dao\ProfileUBSDAOTest.php" line="77" assertions="1" time="2.892166"/>
      <testcase name="testSearchUBSInTableEvaluateNotNull" class="ProfileUBSDAOTest" file="C:\xampp\htdocs\CadeMeuHospital\Teste\Dao\ProfileUBSDAOTest.php" line="84" assertions="1" time="0.111006"/>
      <testcase name="testeSaveEvaluationUBSInsert" class="ProfileUBSDAOTest" file="C:\xampp\htdocs\CadeMeuHospital\Teste\Dao\ProfileUBSDAOTest.php" line="91" assertions="1" time="0.702040"/>
      <testcase name="testSaveEvaluationUBSNotNULL" class="ProfileUBSDAOTest" file="C:\xampp\htdocs\CadeMeuHospital\Teste\Dao\ProfileUBSDAOTest.php" line="96" assertions="1" time="1.235071"/>
      <testcase name="testTakeAverageUBSFalse" class="ProfileUBSDAOTest" file="C:\xampp\htdocs\CadeMeuHospital\Teste\Dao\ProfileUBSDAOTest.php" line="103" assertions="1" time="0.547031"/>
      <testcase name="testTakeAverageUBSNotNull" class="ProfileUBSDAOTest" file="C:\xampp\htdocs\CadeMeuHospital\Teste\Dao\ProfileUBSDAOTest.php" line="108" assertions="1" time="0.935053"/>
      <testcase name="testUpdateEvaluateAverage" class="ProfileUBSDAOTest" file="C:\xampp\htdocs\CadeMeuHospital\Teste\Dao\ProfileUBSDAOTest.php" line="114" assertions="1" time="0.298017"/>
      <testcase name="testUpdateEvaluateAverageNotNull" class="ProfileUBSDAOTest" file="C:\xampp\htdocs\CadeMeuHospital\Teste\Dao\ProfileUBSDAOTest.php" line="119" assertions="1" time="1.232071"/>
    </testsuite>
    <testsuite name="RankingDAOTest" file="C:\xampp\htdocs\CadeMeuHospital\Teste\Dao\RankingDAOTest.php" tests="5" assertions="5" failures="0" errors="0" time="0.112007">
      <testcase name="testGetRankNotNull" class="RankingDAOTest" file="C:\xampp\htdocs\CadeMeuHospital\Teste\Dao\RankingDAOTest.php" line="25" assertions="1" time="0.076004"/>
      <testcase name="testGetRankByCityNotNull" class="RankingDAOTest" file="C:\xampp\htdocs\CadeMeuHospital\Teste\Dao\RankingDAOTest.php" line="30" assertions="1" time="0.009001"/>
      <testcase name="testGetRankByCityFalse" class="RankingDAOTest" file="C:\xampp\htdocs\CadeMeuHospital\Teste\Dao\RankingDAOTest.php" line="34" assertions="1" time="0.009001"/>
      <testcase name="testGetRankByNeighborhoodNotNull" class="RankingDAOTest" file="C:\xampp\htdocs\CadeMeuHospital\Teste\Dao\RankingDAOTest.php" line="40" assertions="1" time="0.009000"/>
      <testcase name="testGetRankByNeighborhoodFalse" class="RankingDAOTest" file="C:\xampp\htdocs\CadeMeuHospital\Teste\Dao\RankingDAOTest.php" line="44" assertions="1" time="0.009001"/>
    </testsuite>
    <testsuite name="ProfileUBSTest" file="C:\xampp\htdocs\CadeMeuHospital\Teste\Model\ProfileUBSTest.php" tests="14" assertions="14" failures="0" errors="0" time="0.142009">
      <testcase name="testGetIdUBS" class="ProfileUBSTest" file="C:\xampp\htdocs\CadeMeuHospital\Teste\Model\ProfileUBSTest.php" line="25" assertions="1" time="0.008001"/>
      <testcase name="testGetLatitudeUBS" class="ProfileUBSTest" file="C:\xampp\htdocs\CadeMeuHospital\Teste\Model\ProfileUBSTest.php" line="29" assertions="1" time="0.008000"/>
      <testcase name="testGetLongitudeUBS" class="ProfileUBSTest" file="C:\xampp\htdocs\CadeMeuHospital\Teste\Model\ProfileUBSTest.php" line="33" assertions="1" time="0.009001"/>
      <testcase name="testGetCodMunic" class="ProfileUBSTest" file="C:\xampp\htdocs\CadeMeuHospital\Teste\Model\ProfileUBSTest.php" line="37" assertions="1" time="0.010001"/>
      <testcase name="testGetCodCNES" class="ProfileUBSTest" file="C:\xampp\htdocs\CadeMeuHospital\Teste\Model\ProfileUBSTest.php" line="41" assertions="1" time="0.010000"/>
      <testcase name="testGetNameUBS" class="ProfileUBSTest" file="C:\xampp\htdocs\CadeMeuHospital\Teste\Model\ProfileUBSTest.php" line="45" assertions="1" time="0.009001"/>
      <testcase name="testGetDescEnder" class="ProfileUBSTest" file="C:\xampp\htdocs\CadeMeuHospital\Teste\Model\ProfileUBSTest.php" line="49" assertions="1" time="0.015001"/>
      <testcase name="testGetDscCidade" class="ProfileUBSTest" file="C:\xampp\htdocs\CadeMeuHospital\Teste\Model\ProfileUBSTest.php" line="53" assertions="1" time="0.018001"/>
      <testcase name="testGetDescBairro" class="ProfileUBSTest" file="C:\xampp\htdocs\CadeMeuHospital\Teste\Model\ProfileUBSTest.php" line="57" assertions="1" time="0.009001"/>
      <testcase name="testGetPhoneUBS" class="ProfileUBSTest" file="C:\xampp\htdocs\CadeMeuHospital\Teste\Model\ProfileUBSTest.php" line="61" assertions="1" time="0.009000"/>
      <testcase name="testGetPhysicStructure" class="ProfileUBSTest" file="C:\xampp\htdocs\CadeMeuHospital\Teste\Model\ProfileUBSTest.php" line="65" assertions="1" time="0.009001"/>
      <testcase name="testGetAdapOldPeople" class="ProfileUBSTest" file="C:\xampp\htdocs\CadeMeuHospital\Teste\Model\ProfileUBSTest.php" line="69" assertions="1" time="0.009001"/>
      <testcase name="testGetDescriTools" class="ProfileUBSTest" file="C:\xampp\htdocs\CadeMeuHospital\Teste\Model\ProfileUBSTest.php" line="73" assertions="1" time="0.011000"/>
      <testcase name="testGetDescMedicine" class="ProfileUBSTest" file="C:\xampp\htdocs\CadeMeuHospital\Teste\Model\ProfileUBSTest.php" line="77" assertions="1" time="0.008000"/>
    </testsuite>
    <testsuite name="DataValidationTest" file="C:\xampp\htdocs\CadeMeuHospital\Teste\Utils\DataValidationTest.php" tests="7" assertions="7" failures="0" errors="0" time="0.052003">
      <testcase name="testThrowTextFieldExceptionThrowException" class="DataValidationTest" file="C:\xampp\htdocs\CadeMeuHospital\Teste\Utils\DataValidationTest.php" line="34" assertions="1" time="0.018001"/>
      <testcase name="testThrowTextFieldExceptionInvalidChar" class="DataValidationTest" file="C:\xampp\htdocs\CadeMeuHospital\Teste\Utils\DataValidationTest.php" line="41" assertions="1" time="0.012000"/>
      <testcase name="testThrowTextFieldExceptionTrue" class="DataValidationTest" file="C:\xampp\htdocs\CadeMeuHospital\Teste\Utils\DataValidationTest.php" line="45" assertions="1" time="0.005001"/>
      <testcase name="testValidateNullFieldsFalse" class="DataValidationTest" file="C:\xampp\htdocs\CadeMeuHospital\Teste\Utils\DataValidationTest.php" line="52" assertions="1" time="0.005000"/>
      <testcase name="testValidateNullFieldsTrue" class="DataValidationTest" file="C:\xampp\htdocs\CadeMeuHospital\Teste\Utils\DataValidationTest.php" line="57" assertions="1" time="0.004000"/>
      <testcase name="testValidadeTextFieldInvalid" class="DataValidationTest" file="C:\xampp\htdocs\CadeMeuHospital\Teste\Utils\DataValidationTest.php" line="62" assertions="1" time="0.004001"/>
      <testcase name="testValidadeTextFieldValidate" class="DataValidationTest" file="C:\xampp\htdocs\CadeMeuHospital\Teste\Utils\DataValidationTest.php" line="67" assertions="1" time="0.004000"/>
    </testsuite>
  </testsuite>
</testsuites>
